Added Component: Designator=IC4(LQFP_64)
Added Pin To Net: NetName=GND Pin=IC4-1
Added Pin To Net: NetName=NetC28_1 Pin=IC4-2
Added Pin To Net: NetName=NetC29_2 Pin=IC4-3
Added Pin To Net: NetName=NetC21_1 Pin=IC4-4
Added Pin To Net: NetName=GND Pin=IC4-5
Added Pin To Net: NetName=NetIC4_6 Pin=IC4-6
Added Pin To Net: NetName=USB_D_N Pin=IC4-7
Added Pin To Net: NetName=USB_D_P Pin=IC4-8
Added Pin To Net: NetName=NetC23_1 Pin=IC4-9
Added Pin To Net: NetName=GND Pin=IC4-10
Added Pin To Net: NetName=GND Pin=IC4-11
Added Pin To Net: NetName=+1V8 Pin=IC4-12
Added Pin To Net: NetName=GND Pin=IC4-13
Added Pin To Net: NetName=NetIC4_14 Pin=IC4-14
Added Pin To Net: NetName=GND Pin=IC4-15
Added Pin To Net: NetName=SCK_S Pin=IC4-16
Added Pin To Net: NetName=MOSI_S Pin=IC4-17
Added Pin To Net: NetName=MISO_S Pin=IC4-18
Added Pin To Net: NetName=+3V3 Pin=IC4-20
Added Pin To Net: NetName=CS_S Pin=IC4-21
Added Pin To Net: NetName=CDONE_S Pin=IC4-23
Added Pin To Net: NetName=RESET_S Pin=IC4-24
Added Pin To Net: NetName=GND Pin=IC4-25
Added Pin To Net: NetName=+3V3 Pin=IC4-31
Added Pin To Net: NetName=GND Pin=IC4-35
Added Pin To Net: NetName=+1V8 Pin=IC4-37
Added Pin To Net: NetName=NetIC4_38 Pin=IC4-38
Added Pin To Net: NetName=NetIC4_39 Pin=IC4-39
Added Pin To Net: NetName=NetIC4_40 Pin=IC4-40
Added Pin To Net: NetName=NetIC4_41 Pin=IC4-41
Added Pin To Net: NetName=+3V3 Pin=IC4-42
Added Pin To Net: NetName=NetIC4_43 Pin=IC4-43
Added Pin To Net: NetName=NetIC4_44 Pin=IC4-44
Added Pin To Net: NetName=NetIC4_45 Pin=IC4-45
Added Pin To Net: NetName=NetIC4_46 Pin=IC4-46
Added Pin To Net: NetName=GND Pin=IC4-47
Added Pin To Net: NetName=NetIC4_48 Pin=IC4-48
Added Pin To Net: NetName=+1V8 Pin=IC4-49
Added Pin To Net: NetName=+3V3 Pin=IC4-50
Added Pin To Net: NetName=GND Pin=IC4-51
Added Pin To Net: NetName=NetIC4_52 Pin=IC4-52
Added Pin To Net: NetName=NetIC4_53 Pin=IC4-53
Added Pin To Net: NetName=NetIC4_54 Pin=IC4-54
Added Pin To Net: NetName=NetIC4_55 Pin=IC4-55
Added Pin To Net: NetName=+3V3 Pin=IC4-56
Added Pin To Net: NetName=NetIC4_61 Pin=IC4-61
Added Pin To Net: NetName=NetIC4_62 Pin=IC4-62
Added Pin To Net: NetName=NetIC4_63 Pin=IC4-63
Added Pin To Net: NetName=+1V8 Pin=IC4-64
Added Member To Class: ClassName=FTDI Interface Member=Component IC4 FT2232H
