Removed Pin From Net: NetName=+5V Pin=C35-1
Removed Pin From Net: NetName=USB_BUS Pin=C41-1
Removed Pin From Net: NetName=+5V Pin=CN4-1
Removed Pin From Net: NetName=+5V Pin=D12-2
Removed Pin From Net: NetName=+5V Pin=FB3-1
Removed Pin From Net: NetName=USB_BUS Pin=FB3-2
Removed Pin From Net: NetName=USB_BUS Pin=IC10-2
Removed Pin From Net: NetName=USB_BUS Pin=IC10-2
Removed Pin From Net: NetName=+5V Pin=R33-1
Removed Pin From Net: NetName=+5V Pin=TP9-1
Removed Pin From Net: NetName=USB_BUS Pin=TP11-1
Added Pin To Net: NetName=USB_BUS Pin=C35-1
Added Pin To Net: NetName=+5V Pin=C41-1
Added Pin To Net: NetName=USB_BUS Pin=CN4-1
Added Pin To Net: NetName=USB_BUS Pin=D12-2
Added Pin To Net: NetName=USB_BUS Pin=FB3-1
Added Pin To Net: NetName=+5V Pin=FB3-2
Added Pin To Net: NetName=+5V Pin=IC10-2
Added Pin To Net: NetName=+5V Pin=IC10-2
Added Pin To Net: NetName=USB_BUS Pin=R33-1
Added Pin To Net: NetName=USB_BUS Pin=TP9-1
Added Pin To Net: NetName=+5V Pin=TP11-1
