Added Component: Designator=C1(CAP_0603)
Added Component: Designator=C2(CAP_TANT_1206)
Added Component: Designator=C3(CAP_0603)
Added Component: Designator=C4(CAP_0603)
Added Component: Designator=C5(CAP_0603)
Added Component: Designator=C6(CAP_0603)
Added Component: Designator=C7(CAP_0603)
Added Component: Designator=C8(CAP_0603)
Added Component: Designator=C9(CAP_0603)
Added Component: Designator=C10(CAP_0603)
Added Component: Designator=C11(CAP_0603)
Added Component: Designator=C12(CAP_0603)
Added Component: Designator=C13(CAP_0603)
Added Component: Designator=C14(CAP_TANT_1206)
Added Component: Designator=C15(CAP_TANT_1206)
Added Component: Designator=C16(CAP_0603)
Added Component: Designator=C17(CAP_0603)
Added Component: Designator=C18(CAP_0603)
Added Component: Designator=C19(CAP_0603)
Added Component: Designator=C20(CAP_0603)
Added Component: Designator=C21(CAP_TANT_1206)
Added Component: Designator=C22(CAP_0603)
Added Component: Designator=C23(CAP_0603)
Added Component: Designator=C24(CAP_TANT_1206)
Added Component: Designator=C25(CAP_0603)
Added Component: Designator=C26(CAP_0603)
Added Component: Designator=C27(CAP_0603)
Added Component: Designator=C28(CAP_0603)
Added Component: Designator=C29(CAP_0603)
Added Component: Designator=C30(CAP_0603)
Added Component: Designator=C31(CAP_0603)
Added Component: Designator=C32(CAP_0603)
Added Component: Designator=C33(CAP_0603)
Added Component: Designator=C34(CAP_0603)
Added Component: Designator=C35(CAP_0603)
Added Component: Designator=C36(CAP_0603)
Added Component: Designator=C37(CAP_TANT_1206)
Added Component: Designator=C38(CAP_0603)
Added Component: Designator=C39(CAP_0603)
Added Component: Designator=C40(CAP_0603)
Added Component: Designator=C41(CAP_0603)
Added Component: Designator=CN1(SMA_Connector)
Added Component: Designator=CN2(SMA_Connector)
Added Component: Designator=CN3(CON_12x2)
Added Component: Designator=CN4(USB_Micro)
Added Component: Designator=D0(LED_0603)
Added Component: Designator=D1(LED_0603)
Added Component: Designator=D2(LED_0603)
Added Component: Designator=D3(LED_0603)
Added Component: Designator=D4(LED_0603)
Added Component: Designator=D5(LED_0603)
Added Component: Designator=D6(LED_0603)
Added Component: Designator=D7(LED_0603)
Added Component: Designator=D8(SOD-523)
Added Component: Designator=D9(LED_0603)
Added Component: Designator=D10(SOD-323)
Added Component: Designator=D11(LED_RGB 5x5mm)
Added Component: Designator=D12(DO-214AC)
Added Component: Designator=D13(LED_0603)
Added Component: Designator=D14(LED_0603)
Added Component: Designator=FB1(FERRITE_BEAD_0603)
Added Component: Designator=FB2(FERRITE_BEAD_0603)
Added Component: Designator=FB3(FERRITE_BEAD_0603)
Added Component: Designator=FB4(FERRITE_BEAD_0603)
Added Component: Designator=FB5(FERRITE_BEAD_0603)
Added Component: Designator=IC1(SOT-23-8)
Added Component: Designator=IC2(SOT-23-5)
Added Component: Designator=IC3(SOIC-8)
Added Component: Designator=IC4(LQFP_64)
Added Component: Designator=IC5(SOIC-8)
Added Component: Designator=IC6(TSSOP-6)
Added Component: Designator=IC7(TSSOP-6)
Added Component: Designator=IC8(SOT-23-3)
Added Component: Designator=IC9(SOT89-3L)
Added Component: Designator=IC10(SOT89-3L)
Added Component: Designator=JP1(Jumper 2x2)
Added Component: Designator=JP2(Jumper 2x1)
Added Component: Designator=OSC1(VFLGA_2.5x2.0)
Added Component: Designator=R1(RES_0603)
Added Component: Designator=R2(RES_0603)
Added Component: Designator=R3(RES_0603)
Added Component: Designator=R4(RES_0603)
Added Component: Designator=R5(RES_0603)
Added Component: Designator=R6(RES_0603)
Added Component: Designator=R7(RES_0603)
Added Component: Designator=R8(RES_0603)
Added Component: Designator=R9(RES_0603)
Added Component: Designator=R10(RES_0603)
Added Component: Designator=R11(RES_0603)
Added Component: Designator=R12(RES_0603)
Added Component: Designator=R13(RES_0603)
Added Component: Designator=R14(RES_0603)
Added Component: Designator=R15(RES_0603)
Added Component: Designator=R16(RES_0603)
Added Component: Designator=R17(RES_0603)
Added Component: Designator=R18(RES_0603)
Added Component: Designator=R19(RES_0603)
Added Component: Designator=R20(RES_0603)
Added Component: Designator=R21(RES_0603)
Added Component: Designator=R22(RES_0603)
Added Component: Designator=R23(RES_0603)
Added Component: Designator=R24(RES_0603)
Added Component: Designator=R25(RES_0603)
Added Component: Designator=R26(RES_0603)
Added Component: Designator=R27(RES_0603)
Added Component: Designator=R28(RES_0603)
Added Component: Designator=R29(RES_0603)
Added Component: Designator=R30(RES_0603)
Added Component: Designator=R31(RES_0603)
Added Component: Designator=R32(RES_0603)
Added Component: Designator=R33(RES_0603)
Added Component: Designator=R34(RES_0603)
Added Component: Designator=SW4(SWITCH_6X6mm)
Added Component: Designator=TP1(TP_TH)
Added Component: Designator=TP2(TP_TH)
Added Component: Designator=TP3(TP_TOP)
Added Component: Designator=TP4(TP_TOP)
Added Component: Designator=TP5(TP_TOP)
Added Component: Designator=TP6(TP_TOP)
Added Component: Designator=TP7(TP_TOP)
Added Component: Designator=TP8(TP_TOP)
Added Component: Designator=TP9(TP_TOP)
Added Component: Designator=TP10(TP_TOP)
Added Component: Designator=TP11(TP_TOP)
Added Component: Designator=TP12(TP_TOP)
Added Component: Designator=TP13(TP_TOP)
Added Component: Designator=TP14(TP_TOP)
Added Component: Designator=TP15(TP_TOP)
Added Component: Designator=TP16(TP_TOP)
Added Component: Designator=U1(LATC-TQFP-144_L)
Added Component: Designator=X1(XTAL_11.4x4.8)
Added Pin To Net: NetName=+1V2 Pin=C4-1
Added Pin To Net: NetName=+1V2 Pin=C5-1
Added Pin To Net: NetName=+1V2 Pin=C6-1
Added Pin To Net: NetName=+1V2 Pin=C7-1
Added Pin To Net: NetName=+1V2 Pin=C40-1
Added Pin To Net: NetName=+1V2 Pin=IC9-3
Added Pin To Net: NetName=+1V2 Pin=R4-2
Added Pin To Net: NetName=+1V2 Pin=R5-1
Added Pin To Net: NetName=+1V2 Pin=TP3-1
Added Pin To Net: NetName=+1V2 Pin=TP13-1
Added Pin To Net: NetName=+1V2 Pin=U1-27
Added Pin To Net: NetName=+1V2 Pin=U1-40
Added Pin To Net: NetName=+1V2 Pin=U1-92
Added Pin To Net: NetName=+1V2 Pin=U1-111
Added Net: Name=+1V2
Added Pin To Net: NetName=+1V8 Pin=C19-1
Added Pin To Net: NetName=+1V8 Pin=C20-1
Added Pin To Net: NetName=+1V8 Pin=C25-1
Added Pin To Net: NetName=+1V8 Pin=C27-1
Added Pin To Net: NetName=+1V8 Pin=IC4-12
Added Pin To Net: NetName=+1V8 Pin=IC4-37
Added Pin To Net: NetName=+1V8 Pin=IC4-49
Added Pin To Net: NetName=+1V8 Pin=IC4-64
Added Net: Name=+1V8
Added Pin To Net: NetName=+3V3 Pin=C3-1
Added Pin To Net: NetName=+3V3 Pin=C9-2
Added Pin To Net: NetName=+3V3 Pin=C10-2
Added Pin To Net: NetName=+3V3 Pin=C11-2
Added Pin To Net: NetName=+3V3 Pin=C12-2
Added Pin To Net: NetName=+3V3 Pin=C13-2
Added Pin To Net: NetName=+3V3 Pin=C18-2
Added Pin To Net: NetName=+3V3 Pin=C26-1
Added Pin To Net: NetName=+3V3 Pin=C30-1
Added Pin To Net: NetName=+3V3 Pin=C31-1
Added Pin To Net: NetName=+3V3 Pin=C32-1
Added Pin To Net: NetName=+3V3 Pin=C33-1
Added Pin To Net: NetName=+3V3 Pin=C34-1
Added Pin To Net: NetName=+3V3 Pin=C38-1
Added Pin To Net: NetName=+3V3 Pin=C39-1
Added Pin To Net: NetName=+3V3 Pin=CN3-3
Added Pin To Net: NetName=+3V3 Pin=CN3-4
Added Pin To Net: NetName=+3V3 Pin=D10-1
Added Pin To Net: NetName=+3V3 Pin=FB1-1
Added Pin To Net: NetName=+3V3 Pin=FB2-1
Added Pin To Net: NetName=+3V3 Pin=IC3-8
Added Pin To Net: NetName=+3V3 Pin=IC4-20
Added Pin To Net: NetName=+3V3 Pin=IC4-31
Added Pin To Net: NetName=+3V3 Pin=IC4-42
Added Pin To Net: NetName=+3V3 Pin=IC4-50
Added Pin To Net: NetName=+3V3 Pin=IC4-56
Added Pin To Net: NetName=+3V3 Pin=IC5-6
Added Pin To Net: NetName=+3V3 Pin=IC5-8
Added Pin To Net: NetName=+3V3 Pin=IC9-2
Added Pin To Net: NetName=+3V3 Pin=IC9-2
Added Pin To Net: NetName=+3V3 Pin=IC10-3
Added Pin To Net: NetName=+3V3 Pin=OSC1-1
Added Pin To Net: NetName=+3V3 Pin=OSC1-4
Added Pin To Net: NetName=+3V3 Pin=R1-1
Added Pin To Net: NetName=+3V3 Pin=R2-1
Added Pin To Net: NetName=+3V3 Pin=R3-1
Added Pin To Net: NetName=+3V3 Pin=R6-1
Added Pin To Net: NetName=+3V3 Pin=R7-1
Added Pin To Net: NetName=+3V3 Pin=R8-2
Added Pin To Net: NetName=+3V3 Pin=R9-2
Added Pin To Net: NetName=+3V3 Pin=R12-2
Added Pin To Net: NetName=+3V3 Pin=R13-1
Added Pin To Net: NetName=+3V3 Pin=R14-1
Added Pin To Net: NetName=+3V3 Pin=R34-1
Added Pin To Net: NetName=+3V3 Pin=TP4-1
Added Pin To Net: NetName=+3V3 Pin=TP5-1
Added Pin To Net: NetName=+3V3 Pin=TP6-1
Added Pin To Net: NetName=+3V3 Pin=TP7-1
Added Pin To Net: NetName=+3V3 Pin=TP8-1
Added Pin To Net: NetName=+3V3 Pin=TP12-1
Added Pin To Net: NetName=+3V3 Pin=U1-6
Added Pin To Net: NetName=+3V3 Pin=U1-30
Added Pin To Net: NetName=+3V3 Pin=U1-46
Added Pin To Net: NetName=+3V3 Pin=U1-57
Added Pin To Net: NetName=+3V3 Pin=U1-72
Added Pin To Net: NetName=+3V3 Pin=U1-89
Added Pin To Net: NetName=+3V3 Pin=U1-100
Added Pin To Net: NetName=+3V3 Pin=U1-123
Added Pin To Net: NetName=+3V3 Pin=U1-131
Added Net: Name=+3V3
Added Pin To Net: NetName=+5V Pin=C1-1
Added Pin To Net: NetName=+5V Pin=C2-1
Added Pin To Net: NetName=+5V Pin=C35-1
Added Pin To Net: NetName=+5V Pin=C36-1
Added Pin To Net: NetName=+5V Pin=CN3-1
Added Pin To Net: NetName=+5V Pin=CN3-2
Added Pin To Net: NetName=+5V Pin=CN4-1
Added Pin To Net: NetName=+5V Pin=D11-4
Added Pin To Net: NetName=+5V Pin=D11-5
Added Pin To Net: NetName=+5V Pin=D11-6
Added Pin To Net: NetName=+5V Pin=D12-2
Added Pin To Net: NetName=+5V Pin=FB3-1
Added Pin To Net: NetName=+5V Pin=IC1-2
Added Pin To Net: NetName=+5V Pin=IC2-5
Added Pin To Net: NetName=+5V Pin=IC8-1
Added Pin To Net: NetName=+5V Pin=R33-1
Added Pin To Net: NetName=+5V Pin=TP9-1
Added Net: Name=+5V
Added Pin To Net: NetName=AGND Pin=C37-2
Added Pin To Net: NetName=AGND Pin=CN2-2
Added Pin To Net: NetName=AGND Pin=CN2-2
Added Pin To Net: NetName=AGND Pin=CN2-2
Added Pin To Net: NetName=AGND Pin=CN2-2
Added Pin To Net: NetName=AGND Pin=FB5-2
Added Pin To Net: NetName=AGND Pin=IC1-5
Added Pin To Net: NetName=AGND Pin=IC2-2
Added Pin To Net: NetName=AGND Pin=TP16-1
Added Net: Name=AGND
Added Pin To Net: NetName=CDONE_S Pin=D9-1
Added Pin To Net: NetName=CDONE_S Pin=IC4-23
Added Pin To Net: NetName=CDONE_S Pin=R3-2
Added Pin To Net: NetName=CDONE_S Pin=U1-65
Added Net: Name=CDONE_S
Added Pin To Net: NetName=CS_S Pin=IC4-21
Added Pin To Net: NetName=CS_S Pin=JP2-2
Added Pin To Net: NetName=CS_S Pin=U1-71
Added Net: Name=CS_S
Added Pin To Net: NetName=DAC_DATA_IN Pin=IC1-1
Added Pin To Net: NetName=DAC_DATA_IN Pin=U1-98
Added Net: Name=DAC_DATA_IN
Added Pin To Net: NetName=DAC_OUT Pin=IC1-4
Added Pin To Net: NetName=DAC_OUT Pin=IC2-3
Added Net: Name=DAC_OUT
Added Pin To Net: NetName=DAC_SCLK Pin=IC1-8
Added Pin To Net: NetName=DAC_SCLK Pin=U1-96
Added Net: Name=DAC_SCLK
Added Pin To Net: NetName=DAC_SYNC Pin=IC1-7
Added Pin To Net: NetName=DAC_SYNC Pin=U1-101
Added Net: Name=DAC_SYNC
Added Pin To Net: NetName=GND Pin=C1-2
Added Pin To Net: NetName=GND Pin=C2-2
Added Pin To Net: NetName=GND Pin=C3-2
Added Pin To Net: NetName=GND Pin=C4-2
Added Pin To Net: NetName=GND Pin=C5-2
Added Pin To Net: NetName=GND Pin=C6-2
Added Pin To Net: NetName=GND Pin=C7-2
Added Pin To Net: NetName=GND Pin=C8-2
Added Pin To Net: NetName=GND Pin=C9-1
Added Pin To Net: NetName=GND Pin=C10-1
Added Pin To Net: NetName=GND Pin=C11-1
Added Pin To Net: NetName=GND Pin=C12-1
Added Pin To Net: NetName=GND Pin=C13-1
Added Pin To Net: NetName=GND Pin=C18-1
Added Pin To Net: NetName=GND Pin=C19-2
Added Pin To Net: NetName=GND Pin=C20-2
Added Pin To Net: NetName=GND Pin=C21-2
Added Pin To Net: NetName=GND Pin=C22-2
Added Pin To Net: NetName=GND Pin=C23-2
Added Pin To Net: NetName=GND Pin=C24-2
Added Pin To Net: NetName=GND Pin=C25-2
Added Pin To Net: NetName=GND Pin=C26-2
Added Pin To Net: NetName=GND Pin=C27-2
Added Pin To Net: NetName=GND Pin=C28-2
Added Pin To Net: NetName=GND Pin=C29-1
Added Pin To Net: NetName=GND Pin=C30-2
Added Pin To Net: NetName=GND Pin=C36-2
Added Pin To Net: NetName=GND Pin=C38-2
Added Pin To Net: NetName=GND Pin=C39-2
Added Pin To Net: NetName=GND Pin=C40-2
Added Pin To Net: NetName=GND Pin=C41-2
Added Pin To Net: NetName=GND Pin=CN1-2
Added Pin To Net: NetName=GND Pin=CN1-2
Added Pin To Net: NetName=GND Pin=CN1-2
Added Pin To Net: NetName=GND Pin=CN1-2
Added Pin To Net: NetName=GND Pin=CN3-21
Added Pin To Net: NetName=GND Pin=CN3-22
Added Pin To Net: NetName=GND Pin=CN3-23
Added Pin To Net: NetName=GND Pin=CN3-24
Added Pin To Net: NetName=GND Pin=D0-2
Added Pin To Net: NetName=GND Pin=D1-2
Added Pin To Net: NetName=GND Pin=D2-2
Added Pin To Net: NetName=GND Pin=D3-2
Added Pin To Net: NetName=GND Pin=D4-2
Added Pin To Net: NetName=GND Pin=D5-2
Added Pin To Net: NetName=GND Pin=D6-2
Added Pin To Net: NetName=GND Pin=D7-2
Added Pin To Net: NetName=GND Pin=D9-2
Added Pin To Net: NetName=GND Pin=D14-2
Added Pin To Net: NetName=GND Pin=FB4-2
Added Pin To Net: NetName=GND Pin=FB5-1
Added Pin To Net: NetName=GND Pin=IC1-6
Added Pin To Net: NetName=GND Pin=IC3-4
Added Pin To Net: NetName=GND Pin=IC4-1
Added Pin To Net: NetName=GND Pin=IC4-5
Added Pin To Net: NetName=GND Pin=IC4-10
Added Pin To Net: NetName=GND Pin=IC4-11
Added Pin To Net: NetName=GND Pin=IC4-13
Added Pin To Net: NetName=GND Pin=IC4-15
Added Pin To Net: NetName=GND Pin=IC4-25
Added Pin To Net: NetName=GND Pin=IC4-35
Added Pin To Net: NetName=GND Pin=IC4-47
Added Pin To Net: NetName=GND Pin=IC4-51
Added Pin To Net: NetName=GND Pin=IC5-5
Added Pin To Net: NetName=GND Pin=IC6-1
Added Pin To Net: NetName=GND Pin=IC6-3
Added Pin To Net: NetName=GND Pin=IC6-4
Added Pin To Net: NetName=GND Pin=IC6-5
Added Pin To Net: NetName=GND Pin=IC7-1
Added Pin To Net: NetName=GND Pin=IC7-4
Added Pin To Net: NetName=GND Pin=IC8-3
Added Pin To Net: NetName=GND Pin=IC9-1
Added Pin To Net: NetName=GND Pin=IC10-1
Added Pin To Net: NetName=GND Pin=OSC1-2
Added Pin To Net: NetName=GND Pin=R10-2
Added Pin To Net: NetName=GND Pin=R19-1
Added Pin To Net: NetName=GND Pin=R26-1
Added Pin To Net: NetName=GND Pin=R29-1
Added Pin To Net: NetName=GND Pin=R32-1
Added Pin To Net: NetName=GND Pin=SW4-4
Added Pin To Net: NetName=GND Pin=TP15-1
Added Pin To Net: NetName=GND Pin=U1-5
Added Pin To Net: NetName=GND Pin=U1-13
Added Pin To Net: NetName=GND Pin=U1-14
Added Pin To Net: NetName=GND Pin=U1-59
Added Pin To Net: NetName=GND Pin=U1-69
Added Pin To Net: NetName=GND Pin=U1-86
Added Pin To Net: NetName=GND Pin=U1-103
Added Pin To Net: NetName=GND Pin=U1-132
Added Pin To Net: NetName=GND Pin=U1-140
Added Net: Name=GND
Added Pin To Net: NetName=ICE_OSC Pin=OSC1-3
Added Pin To Net: NetName=ICE_OSC Pin=U1-21
Added Net: Name=ICE_OSC
Added Pin To Net: NetName=MISO_ICE Pin=JP1-1
Added Pin To Net: NetName=MISO_ICE Pin=U1-68
Added Net: Name=MISO_ICE
Added Pin To Net: NetName=MISO_S Pin=IC3-2
Added Pin To Net: NetName=MISO_S Pin=IC4-18
Added Pin To Net: NetName=MISO_S Pin=JP1-2
Added Net: Name=MISO_S
Added Pin To Net: NetName=MOSI_ICE Pin=JP1-4
Added Pin To Net: NetName=MOSI_ICE Pin=U1-67
Added Net: Name=MOSI_ICE
Added Pin To Net: NetName=MOSI_S Pin=IC3-5
Added Pin To Net: NetName=MOSI_S Pin=IC4-17
Added Pin To Net: NetName=MOSI_S Pin=JP1-3
Added Net: Name=MOSI_S
Added Pin To Net: NetName=NetC8_1 Pin=C8-1
Added Pin To Net: NetName=NetC8_1 Pin=D8-1
Added Pin To Net: NetName=NetC8_1 Pin=R2-2
Added Pin To Net: NetName=NetC8_1 Pin=SW4-1
Added Pin To Net: NetName=NetC8_1 Pin=U1-66
Added Net: Name=NetC8_1
Added Pin To Net: NetName=NetC14_1 Pin=C14-1
Added Pin To Net: NetName=NetC14_1 Pin=C16-1
Added Pin To Net: NetName=NetC14_1 Pin=R4-1
Added Pin To Net: NetName=NetC14_1 Pin=U1-54
Added Net: Name=NetC14_1
Added Pin To Net: NetName=NetC14_2 Pin=C14-2
Added Pin To Net: NetName=NetC14_2 Pin=C16-2
Added Pin To Net: NetName=NetC14_2 Pin=U1-53
Added Net: Name=NetC14_2
Added Pin To Net: NetName=NetC15_1 Pin=C15-1
Added Pin To Net: NetName=NetC15_1 Pin=C17-1
Added Pin To Net: NetName=NetC15_1 Pin=R5-2
Added Pin To Net: NetName=NetC15_1 Pin=U1-126
Added Net: Name=NetC15_1
Added Pin To Net: NetName=NetC15_2 Pin=C15-2
Added Pin To Net: NetName=NetC15_2 Pin=C17-2
Added Pin To Net: NetName=NetC15_2 Pin=U1-127
Added Net: Name=NetC15_2
Added Pin To Net: NetName=NetC21_1 Pin=C21-1
Added Pin To Net: NetName=NetC21_1 Pin=C22-1
Added Pin To Net: NetName=NetC21_1 Pin=FB2-2
Added Pin To Net: NetName=NetC21_1 Pin=IC4-4
Added Net: Name=NetC21_1
Added Pin To Net: NetName=NetC23_1 Pin=C23-1
Added Pin To Net: NetName=NetC23_1 Pin=C24-1
Added Pin To Net: NetName=NetC23_1 Pin=FB1-2
Added Pin To Net: NetName=NetC23_1 Pin=IC4-9
Added Net: Name=NetC23_1
Added Pin To Net: NetName=NetC28_1 Pin=C28-1
Added Pin To Net: NetName=NetC28_1 Pin=IC4-2
Added Pin To Net: NetName=NetC28_1 Pin=X1-1
Added Net: Name=NetC28_1
Added Pin To Net: NetName=NetC29_2 Pin=C29-2
Added Pin To Net: NetName=NetC29_2 Pin=IC4-3
Added Pin To Net: NetName=NetC29_2 Pin=X1-2
Added Net: Name=NetC29_2
Added Pin To Net: NetName=NetC31_2 Pin=C31-2
Added Pin To Net: NetName=NetC31_2 Pin=R19-2
Added Pin To Net: NetName=NetC31_2 Pin=U1-110
Added Net: Name=NetC31_2
Added Pin To Net: NetName=NetC32_2 Pin=C32-2
Added Pin To Net: NetName=NetC32_2 Pin=R26-2
Added Pin To Net: NetName=NetC32_2 Pin=U1-115
Added Net: Name=NetC32_2
Added Pin To Net: NetName=NetC33_2 Pin=C33-2
Added Pin To Net: NetName=NetC33_2 Pin=R29-2
Added Pin To Net: NetName=NetC33_2 Pin=U1-139
Added Net: Name=NetC33_2
Added Pin To Net: NetName=NetC34_2 Pin=C34-2
Added Pin To Net: NetName=NetC34_2 Pin=R32-2
Added Pin To Net: NetName=NetC34_2 Pin=U1-144
Added Net: Name=NetC34_2
Added Pin To Net: NetName=NetCN2_1 Pin=CN2-1
Added Pin To Net: NetName=NetCN2_1 Pin=IC2-1
Added Pin To Net: NetName=NetCN2_1 Pin=IC2-4
Added Pin To Net: NetName=NetCN2_1 Pin=TP2-1
Added Net: Name=NetCN2_1
Added Pin To Net: NetName=NetCN3_5 Pin=CN3-5
Added Pin To Net: NetName=NetCN3_5 Pin=U1-8
Added Net: Name=NetCN3_5
Added Pin To Net: NetName=NetCN3_6 Pin=CN3-6
Added Pin To Net: NetName=NetCN3_6 Pin=U1-9
Added Net: Name=NetCN3_6
Added Pin To Net: NetName=NetCN3_7 Pin=CN3-7
Added Pin To Net: NetName=NetCN3_7 Pin=U1-10
Added Net: Name=NetCN3_7
Added Pin To Net: NetName=NetCN3_8 Pin=CN3-8
Added Pin To Net: NetName=NetCN3_8 Pin=U1-11
Added Net: Name=NetCN3_8
Added Pin To Net: NetName=NetCN3_9 Pin=CN3-9
Added Pin To Net: NetName=NetCN3_9 Pin=U1-12
Added Net: Name=NetCN3_9
Added Pin To Net: NetName=NetCN3_10 Pin=CN3-10
Added Pin To Net: NetName=NetCN3_10 Pin=U1-15
Added Net: Name=NetCN3_10
Added Pin To Net: NetName=NetCN3_11 Pin=CN3-11
Added Pin To Net: NetName=NetCN3_11 Pin=U1-16
Added Net: Name=NetCN3_11
Added Pin To Net: NetName=NetCN3_12 Pin=CN3-12
Added Pin To Net: NetName=NetCN3_12 Pin=U1-17
Added Net: Name=NetCN3_12
Added Pin To Net: NetName=NetCN3_13 Pin=CN3-13
Added Pin To Net: NetName=NetCN3_13 Pin=U1-18
Added Net: Name=NetCN3_13
Added Pin To Net: NetName=NetCN3_14 Pin=CN3-14
Added Pin To Net: NetName=NetCN3_14 Pin=U1-19
Added Net: Name=NetCN3_14
Added Pin To Net: NetName=NetCN3_15 Pin=CN3-15
Added Pin To Net: NetName=NetCN3_15 Pin=U1-22
Added Net: Name=NetCN3_15
Added Pin To Net: NetName=NetCN3_16 Pin=CN3-16
Added Pin To Net: NetName=NetCN3_16 Pin=U1-23
Added Net: Name=NetCN3_16
Added Pin To Net: NetName=NetCN3_17 Pin=CN3-17
Added Pin To Net: NetName=NetCN3_17 Pin=U1-24
Added Net: Name=NetCN3_17
Added Pin To Net: NetName=NetCN3_18 Pin=CN3-18
Added Pin To Net: NetName=NetCN3_18 Pin=U1-25
Added Net: Name=NetCN3_18
Added Pin To Net: NetName=NetCN3_19 Pin=CN3-19
Added Pin To Net: NetName=NetCN3_19 Pin=U1-26
Added Net: Name=NetCN3_19
Added Pin To Net: NetName=NetCN3_20 Pin=CN3-20
Added Pin To Net: NetName=NetCN3_20 Pin=U1-28
Added Net: Name=NetCN3_20
Added Pin To Net: NetName=NetD0_1 Pin=D0-1
Added Pin To Net: NetName=NetD0_1 Pin=R18-1
Added Net: Name=NetD0_1
Added Pin To Net: NetName=NetD1_1 Pin=D1-1
Added Pin To Net: NetName=NetD1_1 Pin=R20-1
Added Net: Name=NetD1_1
Added Pin To Net: NetName=NetD2_1 Pin=D2-1
Added Pin To Net: NetName=NetD2_1 Pin=R24-1
Added Net: Name=NetD2_1
Added Pin To Net: NetName=NetD3_1 Pin=D3-1
Added Pin To Net: NetName=NetD3_1 Pin=R25-1
Added Net: Name=NetD3_1
Added Pin To Net: NetName=NetD4_1 Pin=D4-1
Added Pin To Net: NetName=NetD4_1 Pin=R27-1
Added Net: Name=NetD4_1
Added Pin To Net: NetName=NetD5_1 Pin=D5-1
Added Pin To Net: NetName=NetD5_1 Pin=R28-1
Added Net: Name=NetD5_1
Added Pin To Net: NetName=NetD6_1 Pin=D6-1
Added Pin To Net: NetName=NetD6_1 Pin=R30-1
Added Net: Name=NetD6_1
Added Pin To Net: NetName=NetD7_1 Pin=D7-1
Added Pin To Net: NetName=NetD7_1 Pin=R31-1
Added Net: Name=NetD7_1
Added Pin To Net: NetName=NetD10_2 Pin=D10-2
Added Pin To Net: NetName=NetD10_2 Pin=U1-108
Added Net: Name=NetD10_2
Added Pin To Net: NetName=NetD11_1 Pin=D11-1
Added Pin To Net: NetName=NetD11_1 Pin=R17-1
Added Net: Name=NetD11_1
Added Pin To Net: NetName=NetD11_2 Pin=D11-2
Added Pin To Net: NetName=NetD11_2 Pin=R16-1
Added Net: Name=NetD11_2
Added Pin To Net: NetName=NetD11_3 Pin=D11-3
Added Pin To Net: NetName=NetD11_3 Pin=R15-1
Added Net: Name=NetD11_3
Added Pin To Net: NetName=NetD13_1 Pin=D13-1
Added Pin To Net: NetName=NetD13_1 Pin=R33-2
Added Net: Name=NetD13_1
Added Pin To Net: NetName=NetD14_1 Pin=D14-1
Added Pin To Net: NetName=NetD14_1 Pin=R34-2
Added Net: Name=NetD14_1
Added Pin To Net: NetName=NetIC3_1 Pin=IC3-1
Added Pin To Net: NetName=NetIC3_1 Pin=JP2-1
Added Pin To Net: NetName=NetIC3_1 Pin=R8-1
Added Net: Name=NetIC3_1
Added Pin To Net: NetName=NetIC3_3 Pin=IC3-3
Added Pin To Net: NetName=NetIC3_3 Pin=R6-2
Added Net: Name=NetIC3_3
Added Pin To Net: NetName=NetIC3_7 Pin=IC3-7
Added Pin To Net: NetName=NetIC3_7 Pin=R7-2
Added Net: Name=NetIC3_7
Added Pin To Net: NetName=NetIC4_6 Pin=IC4-6
Added Pin To Net: NetName=NetIC4_6 Pin=R10-1
Added Net: Name=NetIC4_6
Added Pin To Net: NetName=NetIC4_14 Pin=IC4-14
Added Pin To Net: NetName=NetIC4_14 Pin=R9-1
Added Net: Name=NetIC4_14
Added Pin To Net: NetName=NetIC4_38 Pin=IC4-38
Added Pin To Net: NetName=NetIC4_38 Pin=U1-62
Added Net: Name=NetIC4_38
Added Pin To Net: NetName=NetIC4_39 Pin=IC4-39
Added Pin To Net: NetName=NetIC4_39 Pin=U1-61
Added Net: Name=NetIC4_39
Added Pin To Net: NetName=NetIC4_40 Pin=IC4-40
Added Pin To Net: NetName=NetIC4_40 Pin=U1-60
Added Net: Name=NetIC4_40
Added Pin To Net: NetName=NetIC4_41 Pin=IC4-41
Added Pin To Net: NetName=NetIC4_41 Pin=U1-56
Added Net: Name=NetIC4_41
Added Pin To Net: NetName=NetIC4_43 Pin=IC4-43
Added Pin To Net: NetName=NetIC4_43 Pin=U1-55
Added Net: Name=NetIC4_43
Added Pin To Net: NetName=NetIC4_44 Pin=IC4-44
Added Pin To Net: NetName=NetIC4_44 Pin=U1-52
Added Net: Name=NetIC4_44
Added Pin To Net: NetName=NetIC4_45 Pin=IC4-45
Added Pin To Net: NetName=NetIC4_45 Pin=U1-49
Added Net: Name=NetIC4_45
Added Pin To Net: NetName=NetIC4_46 Pin=IC4-46
Added Pin To Net: NetName=NetIC4_46 Pin=U1-48
Added Net: Name=NetIC4_46
Added Pin To Net: NetName=NetIC4_48 Pin=IC4-48
Added Pin To Net: NetName=NetIC4_48 Pin=U1-43
Added Net: Name=NetIC4_48
Added Pin To Net: NetName=NetIC4_52 Pin=IC4-52
Added Pin To Net: NetName=NetIC4_52 Pin=U1-42
Added Net: Name=NetIC4_52
Added Pin To Net: NetName=NetIC4_53 Pin=IC4-53
Added Pin To Net: NetName=NetIC4_53 Pin=U1-41
Added Net: Name=NetIC4_53
Added Pin To Net: NetName=NetIC4_54 Pin=IC4-54
Added Pin To Net: NetName=NetIC4_54 Pin=U1-39
Added Net: Name=NetIC4_54
Added Pin To Net: NetName=NetIC4_55 Pin=IC4-55
Added Pin To Net: NetName=NetIC4_55 Pin=U1-38
Added Net: Name=NetIC4_55
Added Pin To Net: NetName=NetIC4_61 Pin=IC4-61
Added Pin To Net: NetName=NetIC4_61 Pin=IC5-3
Added Pin To Net: NetName=NetIC4_61 Pin=R11-2
Added Net: Name=NetIC4_61
Added Pin To Net: NetName=NetIC4_62 Pin=IC4-62
Added Pin To Net: NetName=NetIC4_62 Pin=IC5-2
Added Net: Name=NetIC4_62
Added Pin To Net: NetName=NetIC4_63 Pin=IC4-63
Added Pin To Net: NetName=NetIC4_63 Pin=IC5-1
Added Pin To Net: NetName=NetIC4_63 Pin=R13-2
Added Pin To Net: NetName=NetIC4_63 Pin=R14-2
Added Net: Name=NetIC4_63
Added Pin To Net: NetName=NetIC5_4 Pin=IC5-4
Added Pin To Net: NetName=NetIC5_4 Pin=R11-1
Added Pin To Net: NetName=NetIC5_4 Pin=R12-1
Added Net: Name=NetIC5_4
Added Pin To Net: NetName=NetIC6_2 Pin=IC6-2
Added Pin To Net: NetName=NetIC6_2 Pin=R21-1
Added Net: Name=NetIC6_2
Added Pin To Net: NetName=NetIC6_6 Pin=IC6-6
Added Pin To Net: NetName=NetIC6_6 Pin=R15-2
Added Net: Name=NetIC6_6
Added Pin To Net: NetName=NetIC7_2 Pin=IC7-2
Added Pin To Net: NetName=NetIC7_2 Pin=R22-1
Added Net: Name=NetIC7_2
Added Pin To Net: NetName=NetIC7_3 Pin=IC7-3
Added Pin To Net: NetName=NetIC7_3 Pin=R17-2
Added Net: Name=NetIC7_3
Added Pin To Net: NetName=NetIC7_5 Pin=IC7-5
Added Pin To Net: NetName=NetIC7_5 Pin=R23-2
Added Net: Name=NetIC7_5
Added Pin To Net: NetName=NetIC7_6 Pin=IC7-6
Added Pin To Net: NetName=NetIC7_6 Pin=R16-2
Added Net: Name=NetIC7_6
Added Pin To Net: NetName=NetR18_2 Pin=R18-2
Added Pin To Net: NetName=NetR18_2 Pin=U1-121
Added Net: Name=NetR18_2
Added Pin To Net: NetName=NetR20_2 Pin=R20-2
Added Pin To Net: NetName=NetR20_2 Pin=U1-122
Added Net: Name=NetR20_2
Added Pin To Net: NetName=NetR21_2 Pin=R21-2
Added Pin To Net: NetName=NetR21_2 Pin=U1-32
Added Net: Name=NetR21_2
Added Pin To Net: NetName=NetR22_2 Pin=R22-2
Added Pin To Net: NetName=NetR22_2 Pin=U1-33
Added Net: Name=NetR22_2
Added Pin To Net: NetName=NetR23_1 Pin=R23-1
Added Pin To Net: NetName=NetR23_1 Pin=U1-34
Added Net: Name=NetR23_1
Added Pin To Net: NetName=NetR24_2 Pin=R24-2
Added Pin To Net: NetName=NetR24_2 Pin=U1-124
Added Net: Name=NetR24_2
Added Pin To Net: NetName=NetR25_2 Pin=R25-2
Added Pin To Net: NetName=NetR25_2 Pin=U1-125
Added Net: Name=NetR25_2
Added Pin To Net: NetName=NetR27_2 Pin=R27-2
Added Pin To Net: NetName=NetR27_2 Pin=U1-130
Added Net: Name=NetR27_2
Added Pin To Net: NetName=NetR28_2 Pin=R28-2
Added Pin To Net: NetName=NetR28_2 Pin=U1-134
Added Net: Name=NetR28_2
Added Pin To Net: NetName=NetR30_2 Pin=R30-2
Added Pin To Net: NetName=NetR30_2 Pin=U1-135
Added Net: Name=NetR30_2
Added Pin To Net: NetName=NetR31_2 Pin=R31-2
Added Pin To Net: NetName=NetR31_2 Pin=U1-136
Added Net: Name=NetR31_2
Added Pin To Net: NetName=PGND Pin=C35-2
Added Pin To Net: NetName=PGND Pin=CN4-4
Added Pin To Net: NetName=PGND Pin=D12-1
Added Pin To Net: NetName=PGND Pin=D13-2
Added Pin To Net: NetName=PGND Pin=FB4-1
Added Pin To Net: NetName=PGND Pin=TP14-1
Added Net: Name=PGND
Added Pin To Net: NetName=PWM_MOD Pin=CN1-1
Added Pin To Net: NetName=PWM_MOD Pin=TP1-1
Added Pin To Net: NetName=PWM_MOD Pin=U1-76
Added Net: Name=PWM_MOD
Added Pin To Net: NetName=RESET_S Pin=D8-2
Added Pin To Net: NetName=RESET_S Pin=IC4-24
Added Net: Name=RESET_S
Added Pin To Net: NetName=SCK_S Pin=IC3-6
Added Pin To Net: NetName=SCK_S Pin=IC4-16
Added Pin To Net: NetName=SCK_S Pin=R1-2
Added Pin To Net: NetName=SCK_S Pin=U1-70
Added Net: Name=SCK_S
Added Pin To Net: NetName=USB_BUS Pin=C41-1
Added Pin To Net: NetName=USB_BUS Pin=FB3-2
Added Pin To Net: NetName=USB_BUS Pin=IC10-2
Added Pin To Net: NetName=USB_BUS Pin=IC10-2
Added Pin To Net: NetName=USB_BUS Pin=TP11-1
Added Net: Name=USB_BUS
Added Pin To Net: NetName=USB_D_N Pin=CN4-2
Added Pin To Net: NetName=USB_D_N Pin=IC4-7
Added Net: Name=USB_D_N
Added Pin To Net: NetName=USB_D_P Pin=CN4-3
Added Pin To Net: NetName=USB_D_P Pin=IC4-8
Added Net: Name=USB_D_P
Added Pin To Net: NetName=VREF Pin=C37-1
Added Pin To Net: NetName=VREF Pin=IC1-3
Added Pin To Net: NetName=VREF Pin=IC8-2
Added Pin To Net: NetName=VREF Pin=TP10-1
Added Net: Name=VREF
Added Class: Name=FTDI Interface
Added Class: Name=iCE Banks
Added Class: Name=iCE Programming & Power
Added Class: Name=Miscellaneous
Added Class: Name=USB & Power
Added Differential Pair: Name=USB_D
